0 info it worked if it ends with ok
1 verbose cli [ '/usr/bin/node',
1 verbose cli   '/usr/bin/npm',
1 verbose cli   'install',
1 verbose cli   'bootstrap.min.css' ]
2 info using npm@3.5.2
3 info using node@v8.10.0
4 verbose config Skipping project config: /home/titi/.npmrc. (matches userconfig)
5 silly loadCurrentTree Starting
6 silly install loadCurrentTree
7 silly install readLocalPackageData
8 silly fetchPackageMetaData bootstrap.min.css
9 silly fetchNamedPackageData bootstrap.min.css
10 silly mapToRegistry name bootstrap.min.css
11 silly mapToRegistry using default registry
12 silly mapToRegistry registry https://registry.npmjs.org/
13 silly mapToRegistry uri https://registry.npmjs.org/bootstrap.min.css
14 verbose request uri https://registry.npmjs.org/bootstrap.min.css
15 verbose request no auth needed
16 info attempt registry request try #1 at 1:37:16 PM
17 verbose request id 5fec4f356cbdff62
18 http request GET https://registry.npmjs.org/bootstrap.min.css
19 http 404 https://registry.npmjs.org/bootstrap.min.css
20 verbose headers { date: 'Sat, 01 Jun 2019 11:37:17 GMT',
20 verbose headers   'content-type': 'application/json',
20 verbose headers   'content-length': '21',
20 verbose headers   connection: 'keep-alive',
20 verbose headers   'set-cookie':
20 verbose headers    [ '__cfduid=d93c2c5e11017e87bb2539f7649397f8c1559389037; expires=Sun, 31-May-20 11:37:17 GMT; path=/; domain=.registry.npmjs.org; HttpOnly' ],
20 verbose headers   'cf-cache-status': 'MISS',
20 verbose headers   'cache-control': 'max-age=300',
20 verbose headers   'cf-ray': '4e00e5096f8aa8b5-CDG',
20 verbose headers   'expect-ct': 'max-age=604800, report-uri="https://report-uri.cloudflare.com/cdn-cgi/beacon/expect-ct"',
20 verbose headers   vary: 'accept-encoding, accept',
20 verbose headers   server: 'cloudflare' }
21 silly get cb [ 404,
21 silly get   { date: 'Sat, 01 Jun 2019 11:37:17 GMT',
21 silly get     'content-type': 'application/json',
21 silly get     'content-length': '21',
21 silly get     connection: 'keep-alive',
21 silly get     'set-cookie':
21 silly get      [ '__cfduid=d93c2c5e11017e87bb2539f7649397f8c1559389037; expires=Sun, 31-May-20 11:37:17 GMT; path=/; domain=.registry.npmjs.org; HttpOnly' ],
21 silly get     'cf-cache-status': 'MISS',
21 silly get     'cache-control': 'max-age=300',
21 silly get     'cf-ray': '4e00e5096f8aa8b5-CDG',
21 silly get     'expect-ct': 'max-age=604800, report-uri="https://report-uri.cloudflare.com/cdn-cgi/beacon/expect-ct"',
21 silly get     vary: 'accept-encoding, accept',
21 silly get     server: 'cloudflare' } ]
22 silly fetchPackageMetaData Error: Not found : bootstrap.min.css
22 silly fetchPackageMetaData     at makeError (/usr/share/npm/node_modules/npm-registry-client/lib/request.js:264:12)
22 silly fetchPackageMetaData     at CachingRegistryClient.<anonymous> (/usr/share/npm/node_modules/npm-registry-client/lib/request.js:252:14)
22 silly fetchPackageMetaData     at Request._callback (/usr/share/npm/node_modules/npm-registry-client/lib/request.js:172:14)
22 silly fetchPackageMetaData     at Request.self.callback (/usr/share/npm/node_modules/request/request.js:198:22)
22 silly fetchPackageMetaData     at emitTwo (events.js:126:13)
22 silly fetchPackageMetaData     at Request.emit (events.js:214:7)
22 silly fetchPackageMetaData     at Request.<anonymous> (/usr/share/npm/node_modules/request/request.js:1082:10)
22 silly fetchPackageMetaData     at emitOne (events.js:121:20)
22 silly fetchPackageMetaData     at Request.emit (events.js:211:7)
22 silly fetchPackageMetaData     at IncomingMessage.<anonymous> (/usr/share/npm/node_modules/request/request.js:1009:12)
22 silly fetchPackageMetaData  error for bootstrap.min.css { Error: Not found : bootstrap.min.css
22 silly fetchPackageMetaData     at makeError (/usr/share/npm/node_modules/npm-registry-client/lib/request.js:264:12)
22 silly fetchPackageMetaData     at CachingRegistryClient.<anonymous> (/usr/share/npm/node_modules/npm-registry-client/lib/request.js:252:14)
22 silly fetchPackageMetaData     at Request._callback (/usr/share/npm/node_modules/npm-registry-client/lib/request.js:172:14)
22 silly fetchPackageMetaData     at Request.self.callback (/usr/share/npm/node_modules/request/request.js:198:22)
22 silly fetchPackageMetaData     at emitTwo (events.js:126:13)
22 silly fetchPackageMetaData     at Request.emit (events.js:214:7)
22 silly fetchPackageMetaData     at Request.<anonymous> (/usr/share/npm/node_modules/request/request.js:1082:10)
22 silly fetchPackageMetaData     at emitOne (events.js:121:20)
22 silly fetchPackageMetaData     at Request.emit (events.js:211:7)
22 silly fetchPackageMetaData     at IncomingMessage.<anonymous> (/usr/share/npm/node_modules/request/request.js:1009:12) pkgid: 'bootstrap.min.css', statusCode: 404, code: 'E404' }
23 silly rollbackFailedOptional Starting
24 silly rollbackFailedOptional Finishing
25 silly runTopLevelLifecycles Starting
26 silly runTopLevelLifecycles Finishing
27 silly install printInstalled
28 verbose stack Error: Not found : bootstrap.min.css
28 verbose stack     at makeError (/usr/share/npm/node_modules/npm-registry-client/lib/request.js:264:12)
28 verbose stack     at CachingRegistryClient.<anonymous> (/usr/share/npm/node_modules/npm-registry-client/lib/request.js:252:14)
28 verbose stack     at Request._callback (/usr/share/npm/node_modules/npm-registry-client/lib/request.js:172:14)
28 verbose stack     at Request.self.callback (/usr/share/npm/node_modules/request/request.js:198:22)
28 verbose stack     at emitTwo (events.js:126:13)
28 verbose stack     at Request.emit (events.js:214:7)
28 verbose stack     at Request.<anonymous> (/usr/share/npm/node_modules/request/request.js:1082:10)
28 verbose stack     at emitOne (events.js:121:20)
28 verbose stack     at Request.emit (events.js:211:7)
28 verbose stack     at IncomingMessage.<anonymous> (/usr/share/npm/node_modules/request/request.js:1009:12)
29 verbose statusCode 404
30 verbose pkgid bootstrap.min.css
31 verbose cwd /home/titi/javaEE/maBanqueEnLigne/src
32 error Linux 4.15.0-50-generic
33 error argv "/usr/bin/node" "/usr/bin/npm" "install" "bootstrap.min.css"
34 error node v8.10.0
35 error npm  v3.5.2
36 error code E404
37 error 404 Not found : bootstrap.min.css
38 error 404
39 error 404 'bootstrap.min.css' is not in the npm registry.
40 error 404 You should bug the author to publish it (or use the name yourself!)
41 error 404 Note that you can also install from a
42 error 404 tarball, folder, http url, or git url.
43 verbose exit [ 1, true ]
